Arguments: 
  /usr/local/bin/node /usr/local/bin/yarn add @react-navigation/native-stack

PATH: 
  /home/berkleywolgamott/.vscode-server/bin/ee2b180d582a7f601fa6ecfdad8d9fd269ab1884/bin/remote-cli:/usr/local/sbin:/usr/local/bin:/usr/sbin:/usr/bin:/sbin:/bin:/usr/games:/usr/local/games:/usr/lib/wsl/lib:/mnt/c/Python310/Scripts/:/mnt/c/Python310/:/mnt/c/Program Files/Common Files/Oracle/Java/javapath:/mnt/c/Program Files (x86)/Common Files/Oracle/Java/javapath:/mnt/c/WINDOWS/system32:/mnt/c/WINDOWS:/mnt/c/WINDOWS/System32/Wbem:/mnt/c/WINDOWS/System32/WindowsPowerShell/v1.0/:/mnt/c/WINDOWS/System32/OpenSSH/:/mnt/c/Program Files/PuTTY/:/mnt/c/Program Files/nodejs/:/mnt/c/ProgramData/chocolatey/bin:/mnt/c/Program Files/Docker/Docker/resources/bin:/mnt/c/Program Files/Git/cmd:/mnt/c/Users/bbwol/AppData/Local/Microsoft/WindowsApps:/mnt/c/Users/bbwol/AppData/Local/Programs/Microsoft VS Code/bin:/mnt/c/Users/bbwol/AppData/Roaming/npm:/mnt/c/Users/bbwol/AppData/Local/Programs/mongosh/:/mnt/c/Users/bbwol/AppData/Local/GitHubDesktop/bin:/snap/bin

Yarn version: 
  1.22.19

Node version: 
  18.14.0

Platform: 
  linux x64

Trace: 
  Error: EACCES: permission denied, mkdir '/home/berkleywolgamott/dig4639-s23-main-BerkleyWolgamott/unit2/lab9/node_modules/@expo/webpack-config/node_modules/debug'

npm manifest: 
  {
    "name": "lab9",
    "version": "1.0.0",
    "main": "node_modules/expo/AppEntry.js",
    "scripts": {
      "start": "expo start",
      "android": "expo start --android",
      "ios": "expo start --ios",
      "web": "expo start --web"
    },
    "dependencies": {
      "@expo/webpack-config": "^18.0.1",
      "@react-navigation/native": "^6.1.6",
      "@rneui/base": "^4.0.0-rc.7",
      "@rneui/themed": "^4.0.0-rc.7",
      "expo": "~48.0.9",
      "expo-status-bar": "~1.4.4",
      "react": "18.2.0",
      "react-dom": "18.2.0",
      "react-native": "0.71.4",
      "react-native-safe-area-context": "^4.5.0",
      "react-native-screens": "^3.20.0",
      "react-native-web": "~0.18.10",
      "@react-native-async-storage/async-storage": "1.17.11"
    },
    "devDependencies": {
      "@babel/core": "^7.20.0"
    },
    "private": true
  }

yarn manifest: 
  No manifest

Lockfile: 
  No lockfile
